<?xml version="1.0" encoding="UTF-8"?>
<!-- Generated by org.testng.reporters.JUnitReportReporter -->
<testsuite hostname="DESKTOP-KNVC375" failures="0" tests="3" name="testCases.DataProviderTest" time="37.991" errors="0" timestamp="21 Oct 2018 06:08:14 GMT">
  <testcase classname="testCases.DataProviderTest" name="loginTest" time="2.309"/>
  <testcase classname="testCases.DataProviderTest" name="loginTest" time="33.635"/>
  <testcase classname="testCases.DataProviderTest" name="loginTest" time="2.047"/>
</testsuite> <!-- testCases.DataProviderTest -->
