<?xml version="1.0" encoding="UTF-8"?>
<!-- Generated by org.testng.reporters.JUnitReportReporter -->
<testsuite hostname="DESKTOP-KNVC375" failures="0" tests="2" name="browserStack.Javasample2" time="47.229" errors="0" timestamp="21 Oct 2018 13:18:50 GMT">
  <testcase classname="browserStack.Javasample2" name="sample" time="23.944"/>
  <testcase classname="browserStack.Javasample2" name="sample" time="23.285"/>
</testsuite> <!-- browserStack.Javasample2 -->
