<?xml version="1.0" encoding="UTF-8"?>
<!-- Generated by org.testng.reporters.JUnitReportReporter -->
<testsuite hostname="DESKTOP-KNVC375" failures="0" tests="2" name="gridTest.GridTest" time="23.119" errors="0" timestamp="24 Oct 2018 16:56:46 GMT">
  <testcase classname="gridTest.GridTest" name="gridtest2" time="10.263"/>
  <testcase classname="gridTest.GridTest" name="gridtest1" time="12.856"/>
</testsuite> <!-- gridTest.GridTest -->
