<?xml version="1.0" encoding="UTF-8"?>
<!-- Generated by org.testng.reporters.JUnitReportReporter -->
<testsuite hostname="DESKTOP-KNVC375" failures="0" tests="1" name="sampleTest.SampleTest" time="11.743" errors="0" timestamp="27 Oct 2018 11:03:18 GMT" skipped="0">
  <testcase classname="sampleTest.SampleTest" name="sample" time="11.743"/>
</testsuite> <!-- sampleTest.SampleTest -->
