<?xml version="1.0" encoding="UTF-8"?>
<!-- Generated by org.testng.reporters.JUnitReportReporter -->
<testsuite hostname="DESKTOP-KNVC375" failures="0" tests="1" name="oct18Test.October27Test" time="0.013" errors="0" timestamp="27 Oct 2018 07:29:33 GMT">
  <testcase classname="oct18Test.October27Test" name="paramtest" time="0.013"/>
</testsuite> <!-- oct18Test.October27Test -->
