<?xml version="1.0" encoding="UTF-8"?>
<!-- Generated by org.testng.reporters.JUnitReportReporter -->
<testsuite hostname="DESKTOP-KNVC375" failures="0" tests="4" name="groupingTest.GroupingTest" time="0.025" errors="0" timestamp="06 Oct 2018 17:44:50 GMT" skipped="0">
  <testcase classname="groupingTest.GroupingTest" name="loginTest" time="0.011"/>
  <testcase classname="groupingTest.GroupingTest" name="RegistrationTest" time="0.011"/>
  <testcase classname="groupingTest.GroupingTest" name="RegistrationTest" time="0.002"/>
  <testcase classname="groupingTest.GroupingTest" name="bookingTest" time="0.001"/>
</testsuite> <!-- groupingTest.GroupingTest -->
