<?xml version="1.0" encoding="UTF-8"?>
<!-- Generated by org.testng.reporters.JUnitReportReporter -->
<testsuite hostname="DESKTOP-KNVC375" failures="0" tests="1" name="testResultsTest.TestResultsTest" time="0.032" errors="0" timestamp="06 Oct 2018 18:13:34 GMT" skipped="0">
  <testcase classname="testResultsTest.TestResultsTest" name="logintest" time="0.032"/>
</testsuite> <!-- testResultsTest.TestResultsTest -->
