<?xml version="1.0" encoding="UTF-8"?>
<!-- Generated by org.testng.reporters.JUnitReportReporter -->
<testsuite hostname="DESKTOP-KNVC375" failures="0" tests="4" name="annatationsTest.BeforeTestTest" time="0.033" errors="0" timestamp="27 Oct 2018 03:40:18 GMT" skipped="0">
  <testcase classname="annatationsTest.BeforeTestTest" name="loginTest" time="0.020"/>
  <testcase classname="annatationsTest.BeforeTestTest" name="RegistrationTest" time="0.003"/>
  <testcase classname="annatationsTest.BeforeTestTest" name="bookingTest" time="0.003"/>
  <testcase classname="annatationsTest.BeforeTestTest" name="cancelTest" time="0.007"/>
</testsuite> <!-- annatationsTest.BeforeTestTest -->
