<?xml version="1.0" encoding="UTF-8"?>
<!-- Generated by org.testng.reporters.JUnitReportReporter -->
<testsuite hostname="DESKTOP-KNVC375" failures="0" tests="1" name="keyWordsTest.ExpectedExceptionTest" time="0.009" errors="0" timestamp="27 Oct 2018 03:26:18 GMT" skipped="0">
  <testcase classname="keyWordsTest.ExpectedExceptionTest" name="loginTest" time="0.009"/>
</testsuite> <!-- keyWordsTest.ExpectedExceptionTest -->
