<?xml version="1.0" encoding="UTF-8"?>
<!-- Generated by org.testng.reporters.JUnitReportReporter -->
<testsuite hostname="DESKTOP-KNVC375" failures="0" tests="4" name="keyWordsTest.DependsOnTest" time="0.013" errors="0" timestamp="27 Oct 2018 03:29:29 GMT" skipped="0">
  <testcase classname="keyWordsTest.DependsOnTest" name="loginTest" time="0.009"/>
  <testcase classname="keyWordsTest.DependsOnTest" name="RegistrationTest" time="0.002"/>
  <testcase classname="keyWordsTest.DependsOnTest" name="bookingTest" time="0.001"/>
  <testcase classname="keyWordsTest.DependsOnTest" name="cancelTest" time="0.001"/>
</testsuite> <!-- keyWordsTest.DependsOnTest -->
