<?xml version="1.0" encoding="UTF-8"?>
<!-- Generated by org.testng.reporters.JUnitReportReporter -->
<testsuite hostname="DESKTOP-KNVC375" failures="0" tests="4" name="keyWordsTest.SkipTest" time="0.026" errors="0" timestamp="05 Oct 2018 02:44:16 GMT" skipped="1">
  <testcase classname="keyWordsTest.SkipTest" name="loginTest" time="0.015"/>
  <testcase classname="keyWordsTest.SkipTest" name="bookingTest" time="0.007"/>
  <testcase classname="keyWordsTest.SkipTest" name="cancelTest" time="0.004"/>
  <testcase classname="keyWordsTest.SkipTest" name="RegistrationTest">
    <skipped/>
  </testcase> <!-- RegistrationTest -->
</testsuite> <!-- keyWordsTest.SkipTest -->
