<?xml version="1.0" encoding="UTF-8"?>
<!-- Generated by org.testng.reporters.JUnitReportReporter -->
<testsuite hostname="DESKTOP-KNVC375" failures="0" tests="4" name="keyWordsTest.ReportTest" time="0.023" errors="0" timestamp="05 Oct 2018 02:52:33 GMT" skipped="0">
  <testcase classname="keyWordsTest.ReportTest" name="loginTest" time="0.011"/>
  <testcase classname="keyWordsTest.ReportTest" name="RegistrationTest" time="0.000"/>
  <testcase classname="keyWordsTest.ReportTest" name="bookingTest" time="0.002"/>
  <testcase classname="keyWordsTest.ReportTest" name="cancelTest" time="0.010"/>
</testsuite> <!-- keyWordsTest.ReportTest -->
