<?xml version="1.0" encoding="UTF-8"?>
<!-- Generated by org.testng.reporters.JUnitReportReporter -->
<testsuite hostname="DESKTOP-KNVC375" failures="0" tests="1" name="webdriverTest.WebdriverTest" time="74.190" errors="0" timestamp="30 Sep 2018 17:00:20 GMT" skipped="0">
  <testcase classname="webdriverTest.WebdriverTest" name="logintest" time="74.190"/>
</testsuite> <!-- webdriverTest.WebdriverTest -->
