<?xml version="1.0" encoding="UTF-8"?>
<!-- Generated by org.testng.reporters.JUnitReportReporter -->
<testsuite hostname="DESKTOP-KNVC375" failures="0" tests="1" name="keyWordsTest.SampleTest" time="0.000" errors="0" timestamp="07 Oct 2018 07:17:33 GMT" skipped="0">
  <testcase classname="keyWordsTest.SampleTest" name="loginTest" time="0.000"/>
</testsuite> <!-- keyWordsTest.SampleTest -->
