<?xml version="1.0" encoding="UTF-8"?>
<!-- Generated by org.testng.reporters.JUnitReportReporter -->
<testsuite hostname="DESKTOP-KNVC375" failures="0" tests="4" name="annatationsTest.BeforemethodTest" time="0.035" errors="0" timestamp="30 Sep 2018 16:27:10 GMT" skipped="0">
  <testcase classname="annatationsTest.BeforemethodTest" name="loginTest" time="0.007"/>
  <testcase classname="annatationsTest.BeforemethodTest" name="RegistrationTest" time="0.011"/>
  <testcase classname="annatationsTest.BeforemethodTest" name="bookingTest" time="0.016"/>
  <testcase classname="annatationsTest.BeforemethodTest" name="cancelTest" time="0.001"/>
</testsuite> <!-- annatationsTest.BeforemethodTest -->
