<?xml version="1.0" encoding="UTF-8"?>
<!-- Generated by org.testng.reporters.JUnitReportReporter -->
<testsuite hostname="DESKTOP-KNVC375" failures="0" tests="4" name="keyWordsTest.DescriptionTest" time="0.017" errors="0" timestamp="05 Oct 2018 02:51:34 GMT" skipped="0">
  <testcase classname="keyWordsTest.DescriptionTest" name="loginTest" time="0.009"/>
  <testcase classname="keyWordsTest.DescriptionTest" name="RegistrationTest" time="0.003"/>
  <testcase classname="keyWordsTest.DescriptionTest" name="bookingTest" time="0.003"/>
  <testcase classname="keyWordsTest.DescriptionTest" name="cancelTest" time="0.002"/>
</testsuite> <!-- keyWordsTest.DescriptionTest -->
