<?xml version="1.0" encoding="UTF-8"?>
<!-- Generated by org.testng.reporters.JUnitReportReporter -->
<testsuite hostname="DESKTOP-KNVC375" failures="0" tests="1" name="assertionTest.HardAssertTest" time="0.010" errors="0" timestamp="27 Oct 2018 03:51:56 GMT" skipped="0">
  <testcase classname="assertionTest.HardAssertTest" name="logintest" time="0.010"/>
</testsuite> <!-- assertionTest.HardAssertTest -->
