<?xml version="1.0" encoding="UTF-8"?>
<!-- Generated by org.testng.reporters.JUnitReportReporter -->
<testsuite hostname="DESKTOP-KNVC375" failures="0" tests="3" name="parameterizationTest.SingleDataProviderTest" time="0.011" errors="0" timestamp="06 Oct 2018 17:50:28 GMT" skipped="0">
  <testcase classname="parameterizationTest.SingleDataProviderTest" name="loginTest" time="0.009"/>
  <testcase classname="parameterizationTest.SingleDataProviderTest" name="loginTest" time="0.001"/>
  <testcase classname="parameterizationTest.SingleDataProviderTest" name="loginTest" time="0.001"/>
</testsuite> <!-- parameterizationTest.SingleDataProviderTest -->
