<?xml version="1.0" encoding="UTF-8"?>
<!-- Generated by org.testng.reporters.JUnitReportReporter -->
<testsuite hostname="DESKTOP-KNVC375" failures="0" tests="4" name="annatationsTest.BeforeClassTest" time="0.022" errors="0" timestamp="30 Sep 2018 16:28:10 GMT" skipped="0">
  <testcase classname="annatationsTest.BeforeClassTest" name="loginTest" time="0.015"/>
  <testcase classname="annatationsTest.BeforeClassTest" name="RegistrationTest" time="0.003"/>
  <testcase classname="annatationsTest.BeforeClassTest" name="bookingTest" time="0.001"/>
  <testcase classname="annatationsTest.BeforeClassTest" name="cancelTest" time="0.003"/>
</testsuite> <!-- annatationsTest.BeforeClassTest -->
