<?xml version="1.0" encoding="UTF-8"?>
<!-- Generated by org.testng.reporters.JUnitReportReporter -->
<testsuite hostname="DESKTOP-KNVC375" failures="0" tests="1" name="dataTest.DataTest" time="0.022" errors="0" timestamp="30 Sep 2018 16:44:51 GMT" skipped="0">
  <testcase classname="dataTest.DataTest" name="loginTest" time="0.022"/>
</testsuite> <!-- dataTest.DataTest -->
