<?xml version="1.0" encoding="UTF-8"?>
<!-- Generated by org.testng.reporters.JUnitReportReporter -->
<testsuite hostname="DESKTOP-KNVC375" failures="0" tests="6" name="parameterizationTest.MultitestSingleDataProvider" time="0.016" errors="0" timestamp="07 Oct 2018 06:43:55 GMT" skipped="0">
  <testcase classname="parameterizationTest.MultitestSingleDataProvider" name="bookingTest" time="0.000"/>
  <testcase classname="parameterizationTest.MultitestSingleDataProvider" name="loginTest" time="0.001"/>
  <testcase classname="parameterizationTest.MultitestSingleDataProvider" name="bookingTest" time="0.000"/>
  <testcase classname="parameterizationTest.MultitestSingleDataProvider" name="loginTest" time="0.004"/>
  <testcase classname="parameterizationTest.MultitestSingleDataProvider" name="bookingTest" time="0.008"/>
  <testcase classname="parameterizationTest.MultitestSingleDataProvider" name="loginTest" time="0.003"/>
</testsuite> <!-- parameterizationTest.MultitestSingleDataProvider -->
