<?xml version="1.0" encoding="UTF-8"?>
<!-- Generated by org.testng.reporters.JUnitReportReporter -->
<testsuite hostname="DESKTOP-KNVC375" failures="0" tests="4" name="keyWordsTest.Testtest" time="0.010" errors="0" timestamp="05 Oct 2018 02:50:58 GMT" skipped="0">
  <testcase classname="keyWordsTest.Testtest" name="add" time="0.006"/>
  <testcase classname="keyWordsTest.Testtest" name="sub" time="0.004"/>
  <testcase classname="keyWordsTest.Testtest" name="divide" time="0.000"/>
  <testcase classname="keyWordsTest.Testtest" name="mul" time="0.000"/>
</testsuite> <!-- keyWordsTest.Testtest -->
