<?xml version="1.0" encoding="UTF-8"?>
<!-- Generated by org.testng.reporters.JUnitReportReporter -->
<testsuite hostname="DESKTOP-KNVC375" failures="0" tests="2" name="parallelTest.ParallelTest" time="31.431" errors="0" timestamp="20 Oct 2018 07:07:24 GMT" skipped="0">
  <testcase classname="parallelTest.ParallelTest" name="bingtest" time="15.882"/>
  <testcase classname="parallelTest.ParallelTest" name="bingtest" time="15.549"/>
</testsuite> <!-- parallelTest.ParallelTest -->
