<?xml version="1.0" encoding="UTF-8"?>
<!-- Generated by org.testng.reporters.JUnitReportReporter -->
<testsuite hostname="DESKTOP-KNVC375" failures="0" tests="6" name="parameterizationTest.MultidataProviderTest" time="0.017" errors="0" timestamp="17 Oct 2018 17:47:35 GMT" skipped="0">
  <testcase classname="parameterizationTest.MultidataProviderTest" name="loginTest" time="0.001"/>
  <testcase classname="parameterizationTest.MultidataProviderTest" name="loginTest" time="0.000"/>
  <testcase classname="parameterizationTest.MultidataProviderTest" name="bookingTest" time="0.009"/>
  <testcase classname="parameterizationTest.MultidataProviderTest" name="bookingTest" time="0.004"/>
  <testcase classname="parameterizationTest.MultidataProviderTest" name="bookingTest" time="0.000"/>
  <testcase classname="parameterizationTest.MultidataProviderTest" name="loginTest" time="0.003"/>
</testsuite> <!-- parameterizationTest.MultidataProviderTest -->
